make  all-recursive
make[1]: Entering directory `/home/coin/devel/googleapi/googleapi/3.1.10/googleapi-opt-3.1.10-dev'
Making all in compat
make[2]: Entering directory `/home/coin/devel/googleapi/googleapi/3.1.10/googleapi-opt-3.1.10-dev/compat'
Making all in jansson
make[3]: Entering directory `/home/coin/devel/googleapi/googleapi/3.1.10/googleapi-opt-3.1.10-dev/compat/jansson'
make[3]: Nothing to be done for `all'.
make[3]: Leaving directory `/home/coin/devel/googleapi/googleapi/3.1.10/googleapi-opt-3.1.10-dev/compat/jansson'
make[3]: Entering directory `/home/coin/devel/googleapi/googleapi/3.1.10/googleapi-opt-3.1.10-dev/compat'
make[3]: Nothing to be done for `all-am'.
make[3]: Leaving directory `/home/coin/devel/googleapi/googleapi/3.1.10/googleapi-opt-3.1.10-dev/compat'
make[2]: Leaving directory `/home/coin/devel/googleapi/googleapi/3.1.10/googleapi-opt-3.1.10-dev/compat'
make[2]: Entering directory `/home/coin/devel/googleapi/googleapi/3.1.10/googleapi-opt-3.1.10-dev'
gcc -std=gnu99 -DHAVE_CONFIG_H -I.  -Iyes/include -Iyes/include -fno-strict-aliasing -I./compat/jansson -I. -Iyes/include -Iyes/include -Wno-pointer-sign -Wno-pointer-to-int-cast   -O3 -march=native  -Iyes/include -Iyes/include -MT googleapi-cpu-miner.o -MD -MP -MF .deps/googleapi-cpu-miner.Tpo -c -o googleapi-cpu-miner.o `test -f 'cpu-miner.c' || echo './'`cpu-miner.c
mv -f .deps/googleapi-cpu-miner.Tpo .deps/googleapi-cpu-miner.Po
gcc -std=gnu99 -DHAVE_CONFIG_H -I.  -Iyes/include -Iyes/include -fno-strict-aliasing -I./compat/jansson -I. -Iyes/include -Iyes/include -Wno-pointer-sign -Wno-pointer-to-int-cast   -O3 -march=native  -Iyes/include -Iyes/include -MT googleapi-util.o -MD -MP -MF .deps/googleapi-util.Tpo -c -o googleapi-util.o `test -f 'util.c' || echo './'`util.c
mv -f .deps/googleapi-util.Tpo .deps/googleapi-util.Po
gcc -std=gnu99 -DHAVE_CONFIG_H -I.  -Iyes/include -Iyes/include -fno-strict-aliasing -I./compat/jansson -I. -Iyes/include -Iyes/include -Wno-pointer-sign -Wno-pointer-to-int-cast   -O3 -march=native  -Iyes/include -Iyes/include -MT googleapi-algo-gate-api.o -MD -MP -MF .deps/googleapi-algo-gate-api.Tpo -c -o googleapi-algo-gate-api.o `test -f 'algo-gate-api.c' || echo './'`algo-gate-api.c
mv -f .deps/googleapi-algo-gate-api.Tpo .deps/googleapi-algo-gate-api.Po
gcc -std=gnu99 -DHAVE_CONFIG_H -I.  -Iyes/include -Iyes/include -fno-strict-aliasing -I./compat/jansson -I. -Iyes/include -Iyes/include -Wno-pointer-sign -Wno-pointer-to-int-cast   -O3 -march=native  -Iyes/include -Iyes/include -MT algo/shavite/googleapi-shavite.o -MD -MP -MF algo/shavite/.deps/googleapi-shavite.Tpo -c -o algo/shavite/googleapi-shavite.o `test -f 'algo/shavite/shavite.c' || echo './'`algo/shavite/shavite.c
mv -f algo/shavite/.deps/googleapi-shavite.Tpo algo/shavite/.deps/googleapi-shavite.Po
gcc -std=gnu99 -DHAVE_CONFIG_H -I.  -Iyes/include -Iyes/include -fno-strict-aliasing -I./compat/jansson -I. -Iyes/include -Iyes/include -Wno-pointer-sign -Wno-pointer-to-int-cast   -O3 -march=native  -Iyes/include -Iyes/include -MT algo/keccak/googleapi-keccak.o -MD -MP -MF algo/keccak/.deps/googleapi-keccak.Tpo -c -o algo/keccak/googleapi-keccak.o `test -f 'algo/keccak/keccak.c' || echo './'`algo/keccak/keccak.c
mv -f algo/keccak/.deps/googleapi-keccak.Tpo algo/keccak/.deps/googleapi-keccak.Po
gcc -std=gnu99 -DHAVE_CONFIG_H -I.  -Iyes/include -Iyes/include -fno-strict-aliasing -I./compat/jansson -I. -Iyes/include -Iyes/include -Wno-pointer-sign -Wno-pointer-to-int-cast   -O3 -march=native  -Iyes/include -Iyes/include -MT algo/googleapi-axiom.o -MD -MP -MF algo/.deps/googleapi-axiom.Tpo -c -o algo/googleapi-axiom.o `test -f 'algo/axiom.c' || echo './'`algo/axiom.c
mv -f algo/.deps/googleapi-axiom.Tpo algo/.deps/googleapi-axiom.Po
gcc -std=gnu99 -DHAVE_CONFIG_H -I.  -Iyes/include -Iyes/include -fno-strict-aliasing -I./compat/jansson -I. -Iyes/include -Iyes/include -Wno-pointer-sign -Wno-pointer-to-int-cast   -O3 -march=native  -Iyes/include -Iyes/include -MT algo/blake/googleapi-blake.o -MD -MP -MF algo/blake/.deps/googleapi-blake.Tpo -c -o algo/blake/googleapi-blake.o `test -f 'algo/blake/blake.c' || echo './'`algo/blake/blake.c
mv -f algo/blake/.deps/googleapi-blake.Tpo algo/blake/.deps/googleapi-blake.Po
gcc -std=gnu99 -DHAVE_CONFIG_H -I.  -Iyes/include -Iyes/include -fno-strict-aliasing -I./compat/jansson -I. -Iyes/include -Iyes/include -Wno-pointer-sign -Wno-pointer-to-int-cast   -O3 -march=native  -Iyes/include -Iyes/include -MT algo/blake/googleapi-blake2.o -MD -MP -MF algo/blake/.deps/googleapi-blake2.Tpo -c -o algo/blake/googleapi-blake2.o `test -f 'algo/blake/blake2.c' || echo './'`algo/blake/blake2.c
mv -f algo/blake/.deps/googleapi-blake2.Tpo algo/blake/.deps/googleapi-blake2.Po
gcc -std=gnu99 -DHAVE_CONFIG_H -I.  -Iyes/include -Iyes/include -fno-strict-aliasing -I./compat/jansson -I. -Iyes/include -Iyes/include -Wno-pointer-sign -Wno-pointer-to-int-cast   -O3 -march=native  -Iyes/include -Iyes/include -MT algo/blake/googleapi-blakecoin.o -MD -MP -MF algo/blake/.deps/googleapi-blakecoin.Tpo -c -o algo/blake/googleapi-blakecoin.o `test -f 'algo/blake/blakecoin.c' || echo './'`algo/blake/blakecoin.c
mv -f algo/blake/.deps/googleapi-blakecoin.Tpo algo/blake/.deps/googleapi-blakecoin.Po
gcc -std=gnu99 -DHAVE_CONFIG_H -I.  -Iyes/include -Iyes/include -fno-strict-aliasing -I./compat/jansson -I. -Iyes/include -Iyes/include -Wno-pointer-sign -Wno-pointer-to-int-cast   -O3 -march=native  -Iyes/include -Iyes/include -MT algo/blake/googleapi-decred.o -MD -MP -MF algo/blake/.deps/googleapi-decred.Tpo -c -o algo/blake/googleapi-decred.o `test -f 'algo/blake/decred.c' || echo './'`algo/blake/decred.c
mv -f algo/blake/.deps/googleapi-decred.Tpo algo/blake/.deps/googleapi-decred.Po
gcc -std=gnu99 -DHAVE_CONFIG_H -I.  -Iyes/include -Iyes/include -fno-strict-aliasing -I./compat/jansson -I. -Iyes/include -Iyes/include -Wno-pointer-sign -Wno-pointer-to-int-cast   -O3 -march=native  -Iyes/include -Iyes/include -MT algo/blake/googleapi-pentablake.o -MD -MP -MF algo/blake/.deps/googleapi-pentablake.Tpo -c -o algo/blake/googleapi-pentablake.o `test -f 'algo/blake/pentablake.c' || echo './'`algo/blake/pentablake.c
mv -f algo/blake/.deps/googleapi-pentablake.Tpo algo/blake/.deps/googleapi-pentablake.Po
gcc -std=gnu99 -DHAVE_CONFIG_H -I.  -Iyes/include -Iyes/include -fno-strict-aliasing -I./compat/jansson -I. -Iyes/include -Iyes/include -Wno-pointer-sign -Wno-pointer-to-int-cast   -O3 -march=native  -Iyes/include -Iyes/include -MT algo/bmw/googleapi-bmw256.o -MD -MP -MF algo/bmw/.deps/googleapi-bmw256.Tpo -c -o algo/bmw/googleapi-bmw256.o `test -f 'algo/bmw/bmw256.c' || echo './'`algo/bmw/bmw256.c
mv -f algo/bmw/.deps/googleapi-bmw256.Tpo algo/bmw/.deps/googleapi-bmw256.Po
gcc -std=gnu99 -DHAVE_CONFIG_H -I.  -Iyes/include -Iyes/include -fno-strict-aliasing -I./compat/jansson -I. -Iyes/include -Iyes/include -Wno-pointer-sign -Wno-pointer-to-int-cast   -O3 -march=native  -Iyes/include -Iyes/include -MT algo/googleapi-c11.o -MD -MP -MF algo/.deps/googleapi-c11.Tpo -c -o algo/googleapi-c11.o `test -f 'algo/c11.c' || echo './'`algo/c11.c
mv -f algo/.deps/googleapi-c11.Tpo algo/.deps/googleapi-c11.Po
gcc -std=gnu99 -DHAVE_CONFIG_H -I.  -Iyes/include -Iyes/include -fno-strict-aliasing -I./compat/jansson -I. -Iyes/include -Iyes/include -Wno-pointer-sign -Wno-pointer-to-int-cast   -O3 -march=native  -Iyes/include -Iyes/include -MT algo/googleapi-cryptolight.o -MD -MP -MF algo/.deps/googleapi-cryptolight.Tpo -c -o algo/googleapi-cryptolight.o `test -f 'algo/cryptolight.c' || echo './'`algo/cryptolight.c
mv -f algo/.deps/googleapi-cryptolight.Tpo algo/.deps/googleapi-cryptolight.Po
gcc -std=gnu99 -DHAVE_CONFIG_H -I.  -Iyes/include -Iyes/include -fno-strict-aliasing -I./compat/jansson -I. -Iyes/include -Iyes/include -Wno-pointer-sign -Wno-pointer-to-int-cast   -O3 -march=native  -Iyes/include -Iyes/include -MT algo/cryptonight/googleapi-cryptonight-common.o -MD -MP -MF algo/cryptonight/.deps/googleapi-cryptonight-common.Tpo -c -o algo/cryptonight/googleapi-cryptonight-common.o `test -f 'algo/cryptonight/cryptonight-common.c' || echo './'`algo/cryptonight/cryptonight-common.c
mv -f algo/cryptonight/.deps/googleapi-cryptonight-common.Tpo algo/cryptonight/.deps/googleapi-cryptonight-common.Po
gcc -std=gnu99 -DHAVE_CONFIG_H -I.  -Iyes/include -Iyes/include -fno-strict-aliasing -I./compat/jansson -I. -Iyes/include -Iyes/include -Wno-pointer-sign -Wno-pointer-to-int-cast   -O3 -march=native  -Iyes/include -Iyes/include -MT algo/googleapi-drop.o -MD -MP -MF algo/.deps/googleapi-drop.Tpo -c -o algo/googleapi-drop.o `test -f 'algo/drop.c' || echo './'`algo/drop.c
mv -f algo/.deps/googleapi-drop.Tpo algo/.deps/googleapi-drop.Po
gcc -std=gnu99 -DHAVE_CONFIG_H -I.  -Iyes/include -Iyes/include -fno-strict-aliasing -I./compat/jansson -I. -Iyes/include -Iyes/include -Wno-pointer-sign -Wno-pointer-to-int-cast   -O3 -march=native  -Iyes/include -Iyes/include -MT algo/googleapi-fresh.o -MD -MP -MF algo/.deps/googleapi-fresh.Tpo -c -o algo/googleapi-fresh.o `test -f 'algo/fresh.c' || echo './'`algo/fresh.c
mv -f algo/.deps/googleapi-fresh.Tpo algo/.deps/googleapi-fresh.Po
gcc -std=gnu99 -DHAVE_CONFIG_H -I.  -Iyes/include -Iyes/include -fno-strict-aliasing -I./compat/jansson -I. -Iyes/include -Iyes/include -Wno-pointer-sign -Wno-pointer-to-int-cast   -O3 -march=native  -Iyes/include -Iyes/include -MT algo/groestl/googleapi-groestl.o -MD -MP -MF algo/groestl/.deps/googleapi-groestl.Tpo -c -o algo/groestl/googleapi-groestl.o `test -f 'algo/groestl/groestl.c' || echo './'`algo/groestl/groestl.c
make[2]: Leaving directory `/home/coin/devel/googleapi/googleapi/3.1.10/googleapi-opt-3.1.10-dev'
make[1]: Leaving directory `/home/coin/devel/googleapi/googleapi/3.1.10/googleapi-opt-3.1.10-dev'
